<?xml version="1.0" encoding="UTF-8"?>
<testng-results ignored="0" total="2" passed="2" failed="0" skipped="0">
  <reporter-output>
  </reporter-output>
  <suite started-at="2023-01-03T11:59:46 IST" name="All Test Suite" finished-at="2023-01-03T12:00:00 IST" duration-ms="13814">
    <groups>
    </groups>
    <test started-at="2023-01-03T11:59:46 IST" name="C:/Users/evyatar/IdeaProjects/nopcommerce_Automation" finished-at="2023-01-03T12:00:00 IST" duration-ms="13814">
      <class name="com.tests.AddCustomerTest">
        <test-method is-config="true" signature="setup()[pri:0, instance:com.tests.AddCustomerTest@4659191b]" started-at="2023-01-03T11:59:47 IST" name="setup" finished-at="2023-01-03T11:59:51 IST" duration-ms="3814" status="PASS">
          <reporter-output>
          </reporter-output>
        </test-method> <!-- setup -->
        <test-method signature="tc_addCustomer(java.util.Map)[pri:0, instance:com.tests.AddCustomerTest@4659191b]" started-at="2023-01-03T11:59:51 IST" name="tc_addCustomer" description="add new customer" data-provider="data" finished-at="2023-01-03T12:00:00 IST" duration-ms="8664" status="PASS">
          <params>
            <param index="0">
              <value>
                <![CDATA[{password=admin, email=admin@yourstore.com}]]>
              </value>
            </param>
          </params>
          <reporter-output>
          </reporter-output>
        </test-method> <!-- tc_addCustomer -->
        <test-method is-config="true" signature="tearDown()[pri:0, instance:com.tests.AddCustomerTest@4659191b]" started-at="2023-01-03T12:00:00 IST" name="tearDown" finished-at="2023-01-03T12:00:00 IST" duration-ms="587" status="PASS">
          <reporter-output>
          </reporter-output>
        </test-method> <!-- tearDown -->
      </class> <!-- com.tests.AddCustomerTest -->
      <class name="com.tests.AddDiscountTest">
        <test-method is-config="true" signature="setup()[pri:0, instance:com.tests.AddDiscountTest@740cae06]" started-at="2023-01-03T11:59:47 IST" name="setup" finished-at="2023-01-03T11:59:51 IST" duration-ms="3844" status="PASS">
          <reporter-output>
          </reporter-output>
        </test-method> <!-- setup -->
        <test-method signature="tc_addDiscount(java.util.Map)[pri:0, instance:com.tests.AddDiscountTest@740cae06]" started-at="2023-01-03T11:59:51 IST" name="tc_addDiscount" description="add new DISCOUNT" data-provider="data" finished-at="2023-01-03T11:59:59 IST" duration-ms="8127" status="PASS">
          <params>
            <param index="0">
              <value>
                <![CDATA[{password=admin, email=admin@yourstore.com}]]>
              </value>
            </param>
          </params>
          <reporter-output>
          </reporter-output>
        </test-method> <!-- tc_addDiscount -->
        <test-method is-config="true" signature="tearDown()[pri:0, instance:com.tests.AddDiscountTest@740cae06]" started-at="2023-01-03T11:59:59 IST" name="tearDown" finished-at="2023-01-03T12:00:00 IST" duration-ms="577" status="PASS">
          <reporter-output>
          </reporter-output>
        </test-method> <!-- tearDown -->
      </class> <!-- com.tests.AddDiscountTest -->
    </test> <!-- C:/Users/evyatar/IdeaProjects/nopcommerce_Automation -->
  </suite> <!-- All Test Suite -->
</testng-results>
